<?xml version="1.0" encoding="UTF-8"?>
<testng-results skipped="0" failed="0" ignored="0" total="1" passed="1">
  <reporter-output>
  </reporter-output>
  <suite name="Default suite" duration-ms="10241" started-at="2017-08-07T19:09:41Z" finished-at="2017-08-07T19:09:51Z">
    <groups>
    </groups>
    <test name="Default test" duration-ms="10241" started-at="2017-08-07T19:09:41Z" finished-at="2017-08-07T19:09:51Z">
      <class name="newpackage.CrossBrowserScript">
        <test-method status="PASS" signature="setup(java.lang.String)[pri:0, instance:newpackage.CrossBrowserScript@1d057a39]" name="setup" is-config="true" duration-ms="7704" started-at="2017-08-07T22:09:41Z" finished-at="2017-08-07T22:09:49Z">
          <params>
            <param index="0">
              <value>
                <![CDATA[firefox]]>
              </value>
            </param>
          </params>
          <reporter-output>
          </reporter-output>
        </test-method> <!-- setup -->
        <test-method status="PASS" signature="testParameterWithXML()[pri:0, instance:newpackage.CrossBrowserScript@1d057a39]" name="testParameterWithXML" duration-ms="2498" started-at="2017-08-07T22:09:49Z" finished-at="2017-08-07T22:09:51Z">
          <reporter-output>
          </reporter-output>
        </test-method> <!-- testParameterWithXML -->
      </class> <!-- newpackage.CrossBrowserScript -->
    </test> <!-- Default test -->
  </suite> <!-- Default suite -->
</testng-results>
